0 info it worked if it ends with ok
1 verbose cli [ 'node',
1 verbose cli   '/home/action/.nvm/v0.10.11/bin/npm',
1 verbose cli   'run-script',
1 verbose cli   'production-test' ]
2 info using npm@1.4.7
3 info using node@v0.10.11
4 error Error: ENOENT, open '/home/action/rechargev3/app/widgets/package.json'
5 error If you need help, you may report this *entire* log,
5 error including the npm and node versions, at:
5 error     <http://github.com/npm/npm/issues>
6 error System Linux 3.13.4
7 error command "node" "/home/action/.nvm/v0.10.11/bin/npm" "run-script" "production-test"
8 error cwd /home/action/rechargev3/app/widgets
9 error node -v v0.10.11
10 error npm -v 1.4.7
11 error path /home/action/rechargev3/app/widgets/package.json
12 error code ENOENT
13 error errno 34
14 verbose exit [ 34, true ]
